[14/Nov/2021:14:39:09] (I): WordPress Instance Info:
[14/Nov/2021:14:39:09] (I): Home URL : http://localhost:10028
[14/Nov/2021:14:39:09] (I): Site URL : http://localhost:10028
[14/Nov/2021:14:39:09] (I): WordPress Version : 5.8.2
[14/Nov/2021:14:39:09] (I): Onboarding Version : 1.1.18
[14/Nov/2021:14:39:09] (I): Multisite : No
[14/Nov/2021:14:39:09] (I): Server Info : nginx/1.16.0
[14/Nov/2021:14:39:09] (I): PHP Version : 7.3.5
[14/Nov/2021:14:39:09] (I): HTTPS : No
[14/Nov/2021:14:39:09] (I): PHP Max Execution Time : 1200
[14/Nov/2021:14:39:09] (I): PHP Max Input Vars : 4000
[14/Nov/2021:14:39:09] (I): Max Upload Size : 314572800
[14/Nov/2021:14:39:09] (I): Plugins:
[14/Nov/2021:14:39:09] (I): [PLUGIN] Elementor Pro : v3.4.2 (Elementor.com)
[14/Nov/2021:14:39:09] (I): [PLUGIN] Elementor : v3.4.5 (Elementor.com)
[14/Nov/2021:14:39:09] (I): [PLUGIN] Envato Elements : v2.0.11 (Envato)
[14/Nov/2021:14:39:09] (I): [PLUGIN] Piotnet Addons For Elementor : v2.4.13 (Piotnet)
[14/Nov/2021:14:39:09] (I): [PLUGIN] Templates Patterns Collection : v1.1.18 (ThemeIsle)
[14/Nov/2021:14:39:09] (P): Saving remote XML
[14/Nov/2021:14:39:10] (S): Saved remote XML at path C:\Users\houssem\Local Sites\website\app\public/wp-content/uploads/themeisle-demo-import.xml.
[14/Nov/2021:14:39:10] (P): Starting content import...
[14/Nov/2021:14:39:10] (S): Import started.
[14/Nov/2021:14:39:10] (S): Parsing XML file.
[14/Nov/2021:14:39:10] (P): Starting parsing file:C:\Users\houssem\Local Sites\website\app\public/wp-content/uploads/themeisle-demo-import.xml
[14/Nov/2021:14:39:10] (P): Using WXR_Parser_SimpleXML...
[14/Nov/2021:14:39:10] (S): Parsed XML
[14/Nov/2021:14:39:10] (P): Processing categories...
[14/Nov/2021:14:39:10] (S): Processed categories.
[14/Nov/2021:14:39:10] (P): Processing tags...
[14/Nov/2021:14:39:10] (S): No tags to process.
[14/Nov/2021:14:39:10] (P): Processing terms...
[14/Nov/2021:14:39:10] (W): Failed to import tcb_symbols_tax Footers
[14/Nov/2021:14:39:10] (E): Invalid taxonomy.
[14/Nov/2021:14:39:10] (W): Failed to import tcb_symbols_tax Headers
[14/Nov/2021:14:39:10] (E): Invalid taxonomy.
[14/Nov/2021:14:39:11] (S): Processed terms.
[14/Nov/2021:14:39:11] (P): Processing posts...
[14/Nov/2021:14:39:11] (P): Processing attachment: https://s33834.pcdn.co/web-agency-gb/wp-content/uploads/sites/422/2020/01/neve-webdesign-GB-01.png...
[14/Nov/2021:14:39:11] (P): Fetching attachment from url: https://s33834.pcdn.co/web-agency-gb/wp-content/uploads/sites/422/2020/01/neve-webdesign-GB-01.png...
[14/Nov/2021:14:39:12] (S): Fetched remote attachment.
[14/Nov/2021:14:39:12] (P): Inserting attachment...
[14/Nov/2021:14:39:12] (S): Attachment inserted
[14/Nov/2021:14:39:12] (S): Processed attachment.
[14/Nov/2021:14:39:13] (P): Processing attachment: https://s33834.pcdn.co/web-agency-gb/wp-content/uploads/sites/422/2020/01/neve-webdesign-GB-03.png...
[14/Nov/2021:14:39:13] (P): Fetching attachment from url: https://s33834.pcdn.co/web-agency-gb/wp-content/uploads/sites/422/2020/01/neve-webdesign-GB-03.png...
[14/Nov/2021:14:39:13] (S): Fetched remote attachment.
[14/Nov/2021:14:39:13] (P): Inserting attachment...
[14/Nov/2021:14:39:13] (S): Attachment inserted
[14/Nov/2021:14:39:13] (S): Processed attachment.
[14/Nov/2021:14:39:13] (P): Processing attachment: https://s33834.pcdn.co/web-agency-gb/wp-content/uploads/sites/422/2020/01/neve-webdesign-GB-04.png...
[14/Nov/2021:14:39:13] (P): Fetching attachment from url: https://s33834.pcdn.co/web-agency-gb/wp-content/uploads/sites/422/2020/01/neve-webdesign-GB-04.png...
[14/Nov/2021:14:39:13] (S): Fetched remote attachment.
[14/Nov/2021:14:39:13] (P): Inserting attachment...
[14/Nov/2021:14:39:14] (S): Attachment inserted
[14/Nov/2021:14:39:14] (S): Processed attachment.
[14/Nov/2021:14:39:14] (P): Processing attachment: https://s33834.pcdn.co/web-agency-gb/wp-content/uploads/sites/422/2020/01/neve-web-design-bg-08.jpg...
[14/Nov/2021:14:39:14] (P): Fetching attachment from url: https://s33834.pcdn.co/web-agency-gb/wp-content/uploads/sites/422/2020/01/neve-web-design-bg-08.jpg...
[14/Nov/2021:14:39:14] (S): Fetched remote attachment.
[14/Nov/2021:14:39:14] (P): Inserting attachment...
[14/Nov/2021:14:39:14] (S): Attachment inserted
[14/Nov/2021:14:39:15] (S): Processed attachment.
[14/Nov/2021:14:39:15] (P): Processing attachment: https://s33834.pcdn.co/web-agency-gb/wp-content/uploads/sites/422/2020/01/neve-web-design-bg-09.jpg...
[14/Nov/2021:14:39:15] (P): Fetching attachment from url: https://s33834.pcdn.co/web-agency-gb/wp-content/uploads/sites/422/2020/01/neve-web-design-bg-09.jpg...
[14/Nov/2021:14:39:15] (S): Fetched remote attachment.
[14/Nov/2021:14:39:15] (P): Inserting attachment...
[14/Nov/2021:14:39:15] (S): Attachment inserted
[14/Nov/2021:14:39:15] (S): Processed attachment.
[14/Nov/2021:14:39:16] (P): Processing attachment: https://s33834.pcdn.co/web-agency-gb/wp-content/uploads/sites/422/2020/01/neve-web-design-bg-10.jpg...
[14/Nov/2021:14:39:16] (P): Fetching attachment from url: https://s33834.pcdn.co/web-agency-gb/wp-content/uploads/sites/422/2020/01/neve-web-design-bg-10.jpg...
[14/Nov/2021:14:39:16] (S): Fetched remote attachment.
[14/Nov/2021:14:39:16] (P): Inserting attachment...
[14/Nov/2021:14:39:16] (S): Attachment inserted
[14/Nov/2021:14:39:16] (S): Processed attachment.
[14/Nov/2021:14:39:17] (P): Processing attachment: https://s33834.pcdn.co/web-agency-gb/wp-content/uploads/sites/422/2020/01/neve-web-design-bg-11.jpg...
[14/Nov/2021:14:39:17] (P): Fetching attachment from url: https://s33834.pcdn.co/web-agency-gb/wp-content/uploads/sites/422/2020/01/neve-web-design-bg-11.jpg...
[14/Nov/2021:14:39:17] (S): Fetched remote attachment.
[14/Nov/2021:14:39:17] (P): Inserting attachment...
[14/Nov/2021:14:39:17] (S): Attachment inserted
[14/Nov/2021:14:39:17] (S): Processed attachment.
[14/Nov/2021:14:39:18] (P): Processing attachment: https://s33834.pcdn.co/web-agency-gb/wp-content/uploads/sites/422/2020/01/neve-web-design-bg-12.jpg...
[14/Nov/2021:14:39:18] (P): Fetching attachment from url: https://s33834.pcdn.co/web-agency-gb/wp-content/uploads/sites/422/2020/01/neve-web-design-bg-12.jpg...
[14/Nov/2021:14:39:18] (S): Fetched remote attachment.
[14/Nov/2021:14:39:18] (P): Inserting attachment...
[14/Nov/2021:14:39:18] (S): Attachment inserted
[14/Nov/2021:14:39:18] (S): Processed attachment.
[14/Nov/2021:14:39:18] (P): Processing attachment: https://s33834.pcdn.co/web-agency-gb/wp-content/uploads/sites/422/2020/01/neve-web-design-bg-13.jpg...
[14/Nov/2021:14:39:18] (P): Fetching attachment from url: https://s33834.pcdn.co/web-agency-gb/wp-content/uploads/sites/422/2020/01/neve-web-design-bg-13.jpg...
[14/Nov/2021:14:39:19] (S): Fetched remote attachment.
[14/Nov/2021:14:39:19] (P): Inserting attachment...
[14/Nov/2021:14:39:19] (S): Attachment inserted
[14/Nov/2021:14:39:19] (S): Processed attachment.
[14/Nov/2021:14:39:19] (P): Processing attachment: https://s33834.pcdn.co/web-agency-gb/wp-content/uploads/sites/422/2020/01/neve-web-design-bg-14.jpg...
[14/Nov/2021:14:39:19] (P): Fetching attachment from url: https://s33834.pcdn.co/web-agency-gb/wp-content/uploads/sites/422/2020/01/neve-web-design-bg-14.jpg...
[14/Nov/2021:14:39:20] (S): Fetched remote attachment.
[14/Nov/2021:14:39:20] (P): Inserting attachment...
[14/Nov/2021:14:39:20] (S): Attachment inserted
[14/Nov/2021:14:39:20] (S): Processed attachment.
[14/Nov/2021:14:39:20] (P): Processing attachment: https://s33834.pcdn.co/web-agency-gb/wp-content/uploads/sites/422/2020/01/neve-web-design-bg-15.jpg...
[14/Nov/2021:14:39:20] (P): Fetching attachment from url: https://s33834.pcdn.co/web-agency-gb/wp-content/uploads/sites/422/2020/01/neve-web-design-bg-15.jpg...
[14/Nov/2021:14:39:20] (S): Fetched remote attachment.
[14/Nov/2021:14:39:20] (P): Inserting attachment...
[14/Nov/2021:14:39:21] (S): Attachment inserted
[14/Nov/2021:14:39:21] (S): Processed attachment.
[14/Nov/2021:14:39:21] (P): Processing attachment: https://s33834.pcdn.co/web-agency-gb/wp-content/uploads/sites/422/2020/06/cropped-web-agency-icon.png...
[14/Nov/2021:14:39:21] (P): Fetching attachment from url: https://s33834.pcdn.co/web-agency-gb/wp-content/uploads/sites/422/2020/06/cropped-web-agency-icon.png...
[14/Nov/2021:14:39:22] (S): Fetched remote attachment.
[14/Nov/2021:14:39:22] (P): Inserting attachment...
[14/Nov/2021:14:39:22] (S): Attachment inserted
[14/Nov/2021:14:39:22] (S): Processed attachment.
[14/Nov/2021:14:39:23] (P): Processing attachment: https://s33834.pcdn.co/web-agency-gb/wp-content/uploads/sites/422/2020/07/web-design-studio-01.jpg.jpg...
[14/Nov/2021:14:39:23] (P): Fetching attachment from url: https://s33834.pcdn.co/web-agency-gb/wp-content/uploads/sites/422/2020/07/web-design-studio-01.jpg.jpg...
[14/Nov/2021:14:39:23] (S): Fetched remote attachment.
[14/Nov/2021:14:39:23] (P): Inserting attachment...
[14/Nov/2021:14:39:24] (S): Attachment inserted
[14/Nov/2021:14:39:24] (S): Processed attachment.
[14/Nov/2021:14:39:24] (P): Processing attachment: https://s33834.pcdn.co/web-agency-gb/wp-content/uploads/sites/422/2020/12/web-agency-logo-3.png...
[14/Nov/2021:14:39:24] (P): Fetching attachment from url: https://s33834.pcdn.co/web-agency-gb/wp-content/uploads/sites/422/2020/12/web-agency-logo-3.png...
[14/Nov/2021:14:39:24] (S): Fetched remote attachment.
[14/Nov/2021:14:39:24] (P): Inserting attachment...
[14/Nov/2021:14:39:24] (S): Attachment inserted
[14/Nov/2021:14:39:24] (S): Processed attachment.
[14/Nov/2021:14:39:25] (P): Processing attachment: https://s33834.pcdn.co/web-agency-gb/wp-content/uploads/sites/422/2020/12/neve-web-design-studio-02.1.jpg...
[14/Nov/2021:14:39:25] (P): Fetching attachment from url: https://s33834.pcdn.co/web-agency-gb/wp-content/uploads/sites/422/2020/12/neve-web-design-studio-02.1.jpg...
[14/Nov/2021:14:39:25] (S): Fetched remote attachment.
[14/Nov/2021:14:39:25] (P): Inserting attachment...
[14/Nov/2021:14:39:25] (S): Attachment inserted
[14/Nov/2021:14:39:25] (S): Processed attachment.
[14/Nov/2021:14:39:26] (P): Processing attachment: https://s33834.pcdn.co/web-agency-gb/wp-content/uploads/sites/422/2020/12/neve-web-design-studio-03.1.jpg...
[14/Nov/2021:14:39:26] (P): Fetching attachment from url: https://s33834.pcdn.co/web-agency-gb/wp-content/uploads/sites/422/2020/12/neve-web-design-studio-03.1.jpg...
[14/Nov/2021:14:39:26] (S): Fetched remote attachment.
[14/Nov/2021:14:39:26] (P): Inserting attachment...
[14/Nov/2021:14:39:27] (S): Attachment inserted
[14/Nov/2021:14:39:27] (S): Processed attachment.
[14/Nov/2021:14:39:27] (P): Processing attachment: https://s33834.pcdn.co/web-agency-gb/wp-content/uploads/sites/422/2020/12/neve-web-design-studio-04.1.jpg...
[14/Nov/2021:14:39:27] (P): Fetching attachment from url: https://s33834.pcdn.co/web-agency-gb/wp-content/uploads/sites/422/2020/12/neve-web-design-studio-04.1.jpg...
[14/Nov/2021:14:39:27] (S): Fetched remote attachment.
[14/Nov/2021:14:39:27] (P): Inserting attachment...
[14/Nov/2021:14:39:27] (S): Attachment inserted
[14/Nov/2021:14:39:28] (S): Processed attachment.
[14/Nov/2021:14:39:28] (P): Processing attachment: https://s33834.pcdn.co/web-agency-gb/wp-content/uploads/sites/422/2020/12/neve-web-design-studio-07.1.png...
[14/Nov/2021:14:39:28] (P): Fetching attachment from url: https://s33834.pcdn.co/web-agency-gb/wp-content/uploads/sites/422/2020/12/neve-web-design-studio-07.1.png...
[14/Nov/2021:14:39:30] (S): Fetched remote attachment.
[14/Nov/2021:14:39:30] (P): Inserting attachment...
[14/Nov/2021:14:39:30] (S): Attachment inserted
[14/Nov/2021:14:39:30] (S): Processed attachment.
[14/Nov/2021:14:39:30] (P): Processing attachment: https://s33834.pcdn.co/web-agency-gb/wp-content/uploads/sites/422/2021/06/phone-sm.png...
[14/Nov/2021:14:39:30] (P): Fetching attachment from url: https://s33834.pcdn.co/web-agency-gb/wp-content/uploads/sites/422/2021/06/phone-sm.png...
[14/Nov/2021:14:39:31] (S): Fetched remote attachment.
[14/Nov/2021:14:39:31] (P): Inserting attachment...
[14/Nov/2021:14:39:31] (S): Attachment inserted
[14/Nov/2021:14:39:31] (S): Processed attachment.
[14/Nov/2021:14:39:31] (P): Processing attachment: https://s33834.pcdn.co/web-agency-gb/wp-content/uploads/sites/422/2021/06/location-sm.png...
[14/Nov/2021:14:39:31] (P): Fetching attachment from url: https://s33834.pcdn.co/web-agency-gb/wp-content/uploads/sites/422/2021/06/location-sm.png...
[14/Nov/2021:14:39:31] (S): Fetched remote attachment.
[14/Nov/2021:14:39:31] (P): Inserting attachment...
[14/Nov/2021:14:39:32] (S): Attachment inserted
[14/Nov/2021:14:39:32] (S): Processed attachment.
[14/Nov/2021:14:39:32] (P): Inserting post: 5 UX Principles for Creating a Great Website .
[14/Nov/2021:14:39:33] (S): Done inserting post: 5 UX Principles for Creating a Great Website .
[14/Nov/2021:14:39:34] (P): Inserting page: News .
[14/Nov/2021:14:39:34] (S): Done inserting page: News .
[14/Nov/2021:14:39:35] (P): Inserting page: Home .
[14/Nov/2021:14:39:35] (S): Done inserting page: Home .
[14/Nov/2021:14:39:37] (P): Processing single menu item ' '...
[14/Nov/2021:14:39:38] (S): Processed single menu item.
[14/Nov/2021:14:39:38] (P): Processing single menu item ' '...
[14/Nov/2021:14:39:40] (S): Processed single menu item.
[14/Nov/2021:14:39:40] (P): Inserting post: Web Design Trends for 2022 .
[14/Nov/2021:14:39:40] (S): Done inserting post: Web Design Trends for 2022 .
[14/Nov/2021:14:39:41] (P): Inserting post: A Simple Guide to Design Thinking .
[14/Nov/2021:14:39:41] (S): Done inserting post: A Simple Guide to Design Thinking .
[14/Nov/2021:14:39:42] (P): Inserting page: About Us .
[14/Nov/2021:14:39:42] (S): Done inserting page: About Us .
[14/Nov/2021:14:39:45] (P): Processing single menu item ' '...
[14/Nov/2021:14:39:47] (S): Processed single menu item.
[14/Nov/2021:14:39:47] (P): Inserting page: Portfolio .
[14/Nov/2021:14:39:47] (S): Done inserting page: Portfolio .
[14/Nov/2021:14:39:50] (P): Inserting page: Portfolio Single .
[14/Nov/2021:14:39:50] (S): Done inserting page: Portfolio Single .
[14/Nov/2021:14:39:52] (P): Processing single menu item ' '...
[14/Nov/2021:14:39:53] (S): Processed single menu item.
[14/Nov/2021:14:39:53] (P): Processing single menu item ' '...
[14/Nov/2021:14:39:54] (S): Processed single menu item.
[14/Nov/2021:14:39:54] (P): Inserting page: Contact Us .
[14/Nov/2021:14:39:54] (S): Done inserting page: Contact Us .
[14/Nov/2021:14:39:56] (P): Processing single menu item ' '...
[14/Nov/2021:14:39:57] (S): Processed single menu item.
[14/Nov/2021:14:39:57] (P): Inserting custom_css: neve .
[14/Nov/2021:14:39:57] (S): Done inserting custom_css: neve .
[14/Nov/2021:14:39:57] (P): Processing attachment: https://s33834.pcdn.co/web-agency-gb/wp-content/uploads/sites/422/2021/06/email-sm.png...
[14/Nov/2021:14:39:57] (P): Fetching attachment from url: https://s33834.pcdn.co/web-agency-gb/wp-content/uploads/sites/422/2021/06/email-sm.png...
[14/Nov/2021:14:39:58] (S): Fetched remote attachment.
[14/Nov/2021:14:39:58] (P): Inserting attachment...
[14/Nov/2021:14:39:58] (S): Attachment inserted
[14/Nov/2021:14:39:58] (S): Processed attachment.
[14/Nov/2021:14:39:58] (P): Inserting post: Best Calligraphy Fonts for Logos .
[14/Nov/2021:14:39:58] (S): Done inserting post: Best Calligraphy Fonts for Logos .
[14/Nov/2021:14:39:59] (P): Inserting post: Knowing Your User. The importance of User Research. .
[14/Nov/2021:14:40:00] (S): Done inserting post: Knowing Your User. The importance of User Research. .
[14/Nov/2021:14:40:00] (P): Inserting post: What is the Progressive Web App (PWA) and how it works? .
[14/Nov/2021:14:40:01] (S): Done inserting post: What is the Progressive Web App (PWA) and how it works? .
[14/Nov/2021:14:40:01] (P): Inserting wp_block: 3 column section .
[14/Nov/2021:14:40:02] (S): Done inserting wp_block: 3 column section .
[14/Nov/2021:14:40:02] (P): Inserting wp_block: Team Social Icons .
[14/Nov/2021:14:40:02] (S): Done inserting wp_block: Team Social Icons .
[14/Nov/2021:14:40:02] (S): Processed posts.
[14/Nov/2021:14:40:05] (P): Cleaning up import with id ...
[14/Nov/2021:14:40:05] (P): Done cleanup. Flushing cache...
[14/Nov/2021:14:40:05] (P): Flushed cache. Removing temporary data..
[14/Nov/2021:14:40:06] (S): Done importing
[14/Nov/2021:14:40:07] (P): Busting elementor cache
[14/Nov/2021:14:40:08] (S): Front page set up with id: 308.
